mode: set
rest-go-demo/controllers/Authorisation.go:12.73,15.23 3 1
rest-go-demo/controllers/Authorisation.go:20.2,21.101 2 1
rest-go-demo/controllers/Authorisation.go:24.2,24.16 1 1
rest-go-demo/controllers/Authorisation.go:34.2,34.18 1 1
rest-go-demo/controllers/Authorisation.go:39.2,41.13 3 1
rest-go-demo/controllers/Authorisation.go:15.23,19.3 3 0
rest-go-demo/controllers/Authorisation.go:21.101,23.3 1 1
rest-go-demo/controllers/Authorisation.go:24.16,25.37 1 0
rest-go-demo/controllers/Authorisation.go:30.3,32.24 3 0
rest-go-demo/controllers/Authorisation.go:25.37,29.4 3 0
rest-go-demo/controllers/Authorisation.go:34.18,38.3 3 0
rest-go-demo/controllers/Inventorycontroller.go:15.61,18.66 3 1
rest-go-demo/controllers/Inventorycontroller.go:23.2,24.38 2 1
rest-go-demo/controllers/Inventorycontroller.go:18.66,22.3 3 0
rest-go-demo/controllers/Inventorycontroller.go:26.61,33.29 7 0
rest-go-demo/controllers/Inventorycontroller.go:33.29,36.3 2 0
rest-go-demo/controllers/Inventorycontroller.go:36.8,39.3 2 0
rest-go-demo/controllers/Inventorycontroller.go:43.58,51.2 7 0
rest-go-demo/controllers/Inventorycontroller.go:53.64,65.2 9 0
rest-go-demo/controllers/Inventorycontroller.go:67.65,80.2 9 0
rest-go-demo/controllers/InvoiceControllers.go:13.66,16.30 3 0
rest-go-demo/controllers/InvoiceControllers.go:19.2,26.40 8 0
rest-go-demo/controllers/InvoiceControllers.go:16.30,18.3 1 0
rest-go-demo/controllers/Orderscontroller.go:13.63,14.40 1 1
rest-go-demo/controllers/Orderscontroller.go:19.2,19.14 1 1
rest-go-demo/controllers/Orderscontroller.go:14.40,15.36 1 1
rest-go-demo/controllers/Orderscontroller.go:15.36,17.4 1 1
rest-go-demo/controllers/Orderscontroller.go:31.58,34.30 3 1
rest-go-demo/controllers/Orderscontroller.go:37.2,41.68 5 1
rest-go-demo/controllers/Orderscontroller.go:46.2,48.50 3 1
rest-go-demo/controllers/Orderscontroller.go:51.2,55.33 5 1
rest-go-demo/controllers/Orderscontroller.go:34.30,36.3 1 0
rest-go-demo/controllers/Orderscontroller.go:41.68,45.3 3 0
rest-go-demo/controllers/Orderscontroller.go:48.50,50.3 1 1
rest-go-demo/controllers/Orderscontroller.go:55.33,59.3 3 0
rest-go-demo/controllers/Orderscontroller.go:59.8,67.3 7 1
rest-go-demo/controllers/Orderscontroller.go:108.120,109.41 1 1
rest-go-demo/controllers/Orderscontroller.go:114.2,114.29 1 1
rest-go-demo/controllers/Orderscontroller.go:109.41,113.3 3 1
rest-go-demo/controllers/Orderscontroller.go:117.85,119.41 2 1
rest-go-demo/controllers/Orderscontroller.go:124.2,124.24 1 1
rest-go-demo/controllers/Orderscontroller.go:119.41,123.3 3 1
rest-go-demo/controllers/Orderscontroller.go:127.114,129.35 2 1
rest-go-demo/controllers/Orderscontroller.go:144.2,144.26 1 1
rest-go-demo/controllers/Orderscontroller.go:129.35,136.48 7 1
rest-go-demo/controllers/Orderscontroller.go:142.3,142.65 1 1
rest-go-demo/controllers/Orderscontroller.go:136.48,141.4 4 1
rest-go-demo/controllers/Orderscontroller.go:146.60,156.2 9 1
rest-go-demo/controllers/Usercontrollers.go:53.59,59.147 5 1
rest-go-demo/controllers/Usercontrollers.go:64.2,67.33 4 1
rest-go-demo/controllers/Usercontrollers.go:59.147,63.3 3 1
rest-go-demo/controllers/Usercontrollers.go:67.33,68.66 1 0
rest-go-demo/controllers/Usercontrollers.go:73.3,75.9 3 0
rest-go-demo/controllers/Usercontrollers.go:68.66,72.4 3 0
rest-go-demo/controllers/Usercontrollers.go:76.8,80.3 3 1
rest-go-demo/controllers/Usercontrollers.go:83.52,86.2 2 1
rest-go-demo/controllers/Usercontrollers.go:88.52,97.23 8 1
rest-go-demo/controllers/Usercontrollers.go:97.23,99.20 2 1
rest-go-demo/controllers/Usercontrollers.go:99.20,109.18 5 1
rest-go-demo/controllers/Usercontrollers.go:114.4,116.10 3 1
rest-go-demo/controllers/Usercontrollers.go:109.18,113.5 3 0
rest-go-demo/controllers/Usercontrollers.go:117.9,122.4 3 1
rest-go-demo/controllers/Usercontrollers.go:123.8,128.3 3 1
rest-go-demo/controllers/Usercontrollers.go:131.70,134.30 3 0
rest-go-demo/controllers/Usercontrollers.go:137.2,146.8 10 0
rest-go-demo/controllers/Usercontrollers.go:134.30,136.3 1 0
rest-go-demo/controllers/Usercontrollers.go:150.52,153.2 2 1
